8.1251 	EXP 	Created window1 = Window(allowGUI=False, allowStencil=False, args=UNKNOWN, autoLog=True, bitsMode=UNKNOWN, blendMode='avg', color='black', colorSpace='named', fullscr=<method-wrapper '__getattribute__' of attributeSetter object at 0x000001DEB979B6D8>, gamma=None, kwargs=UNKNOWN, lms=UNKNOWN, monitor=<psychopy.monitors.calibTools.Monitor object at 0x000001DEB9D5F240>, multiSample=False, name='window1', numSamples=2, pos=[0.0, 0.0], screen=0, size=array([1920, 1200]), stereo=False, units='norm', useFBO=True, useRetina=False, viewOri=0.0, viewPos=None, viewScale=None, waitBlanking=True, winType='pyglet')
8.1251 	EXP 	window1: recordFrameIntervals = False
8.2890 	EXP 	window1: recordFrameIntervals = True
8.4726 	EXP 	window1: recordFrameIntervals = False
8.7974 	EXP 	Created text = TextStim(__class__=<class 'psychopy.visual.text.TextStim'>, alignHoriz='center', alignVert='center', antialias=True, autoLog=True, bold=False, color=array([1., 1., 1.]), colorSpace='rgb', contrast=1.0, depth=0.0, flipHoriz=False, flipVert=False, font='Arial', fontFiles=[], height=0.1, italic=False, languageStyle='LTR', name='text', opacity=1.0, ori=0, pos=array([0., 0.]), rgb=array([1., 1., 1.]), text=str(...), units='norm', win=Window(...), wrapWidth=1)
8.8029 	EXP 	Created cue = TextStim(__class__=<class 'psychopy.visual.text.TextStim'>, alignHoriz='center', alignVert='center', antialias=True, autoLog=True, bold=False, color='white', colorSpace='named', contrast=1.0, depth=0.0, flipHoriz=False, flipVert=False, font='Arial', fontFiles=[], height=0.1, italic=False, languageStyle='LTR', name='cue', opacity=1.0, ori=0, pos=array([0., 0.]), rgb=array([255., 255., 255.]), text='default text', units='norm', win=Window(...), wrapWidth=1)
8.8266 	EXP 	Created cross = ShapeStim(__class__=<class 'psychopy.visual.shape.ShapeStim'>, autoDraw=False, autoLog=True, closeShape=True, contrast=1.0, depth=-1.0, fillColor=array([1., 1., 1.]), fillColorSpace='rgb', interpolate=True, lineColor=array([1., 1., 1.]), lineColorSpace='rgb', lineWidth=1, name='cross', opacity=1.0, ori=array(0.), pos=array([0., 0.]), size=array([0.5, 0.5]), units='norm', vertices=ndarray(...), win=Window(...), windingRule=None)
8.8335 	EXP 	Created go = TextStim(__class__=<class 'psychopy.visual.text.TextStim'>, alignHoriz='center', alignVert='center', antialias=True, autoLog=True, bold=False, color=array([1., 1., 1.]), colorSpace='rgb', contrast=1.0, depth=-2.0, flipHoriz=False, flipVert=False, font='Arial', fontFiles=[], height=0.1, italic=False, languageStyle='LTR', name='go', opacity=1.0, ori=0, pos=array([0., 0.]), rgb=array([1., 1., 1.]), text='Imagine movement', units='norm', win=Window(...), wrapWidth=1)
8.8388 	EXP 	Created rest = TextStim(__class__=<class 'psychopy.visual.text.TextStim'>, alignHoriz='center', alignVert='center', antialias=True, autoLog=True, bold=False, color=array([1., 1., 1.]), colorSpace='rgb', contrast=1.0, depth=-3.0, flipHoriz=False, flipVert=False, font='Arial', fontFiles=[], height=0.1, italic=False, languageStyle='LTR', name='rest', opacity=1.0, ori=0, pos=array([0., 0.]), rgb=array([1., 1., 1.]), text='Stop!\n\nRest', units='norm', win=Window(...), wrapWidth=1)
8.8550 	EXP 	Sound  set volume 1.000
8.8637 	EXP 	Created text_2 = TextStim(__class__=<class 'psychopy.visual.text.TextStim'>, alignHoriz='center', alignVert='center', antialias=True, autoLog=True, bold=False, color=array([1., 1., 1.]), colorSpace='rgb', contrast=1.0, depth=0.0, flipHoriz=False, flipVert=False, font='Arial', fontFiles=[], height=0.1, italic=False, languageStyle='LTR', name='text_2', opacity=1.0, ori=0, pos=array([0., 0.]), rgb=array([1., 1., 1.]), text='End of run\n\nRest a bit before restarting.', units='norm', win=Window(...), wrapWidth=1)
8.8748 	EXP 	Created thanks = TextStim(__class__=<class 'psychopy.visual.text.TextStim'>, alignHoriz='center', alignVert='center', antialias=True, autoLog=True, bold=False, color=array([1., 1., 1.]), colorSpace='rgb', contrast=1.0, depth=0.0, flipHoriz=False, flipVert=False, font='Arial', fontFiles=[], height=0.1, italic=False, languageStyle='LTR', name='thanks', opacity=1.0, ori=0, pos=array([0., 0.]), rgb=array([1., 1., 1.]), text=str(...), units='norm', win=Window(...), wrapWidth=1)
8.9257 	EXP 	text: autoDraw = True
35.2970 	DATA 	Mouse: Left button down, pos=(578,531)
35.3634 	DATA 	Mouse:  Left button up, pos=(578,531)
36.0967 	DATA 	Keypress: return
36.0973 	EXP 	Created sequence: sequential, trialTypes=1, nReps=5, seed=None
36.0974 	EXP 	New trial (rep=0, index=0): None
36.1144 	EXP 	Imported trialTypes.csv as conditions, 4 conditions, 1 params
36.1149 	EXP 	Created sequence: fullRandom, trialTypes=4, nReps=10, seed=None
36.1151 	EXP 	New trial (rep=0, index=0): OrderedDict([('text', 'Both Hands')])
36.1295 	EXP 	text: autoDraw = False
36.1295 	EXP 	cue: text = 'Both Hands'
36.1295 	EXP 	cross: autoDraw = True
38.1313 	EXP 	cross: autoDraw = False
38.1479 	EXP 	cue: autoDraw = True
39.6326 	EXP 	cue: autoDraw = False
39.6326 	EXP 	go: autoDraw = True
44.6203 	EXP 	go: autoDraw = False
44.6369 	EXP 	rest: autoDraw = True
48.1069 	EXP 	New trial (rep=0, index=1): OrderedDict([('text', 'Right Hand')])
48.1233 	EXP 	cue: autoDraw = False
48.1233 	EXP 	cross: autoDraw = False
48.1233 	EXP 	go: autoDraw = False
48.1233 	EXP 	rest: autoDraw = False
48.1233 	EXP 	cue: text = 'Right Hand'
48.1233 	EXP 	cross: autoDraw = True
50.1251 	EXP 	cue: autoDraw = True
50.1251 	EXP 	cross: autoDraw = False
51.6263 	EXP 	cue: autoDraw = False
51.6263 	EXP 	go: autoDraw = True
56.6140 	EXP 	go: autoDraw = False
56.6307 	EXP 	rest: autoDraw = True
60.1007 	EXP 	New trial (rep=0, index=2): OrderedDict([('text', 'Both Feet')])
60.1170 	EXP 	cue: autoDraw = False
60.1170 	EXP 	cross: autoDraw = False
60.1170 	EXP 	go: autoDraw = False
60.1170 	EXP 	rest: autoDraw = False
60.1170 	EXP 	cue: text = 'Both Feet'
60.1170 	EXP 	cross: autoDraw = True
62.1188 	EXP 	cue: autoDraw = True
62.1188 	EXP 	cross: autoDraw = False
63.6201 	EXP 	cue: autoDraw = False
63.6201 	EXP 	go: autoDraw = True
68.6077 	EXP 	go: autoDraw = False
68.6247 	EXP 	rest: autoDraw = True
72.0951 	EXP 	New trial (rep=0, index=3): OrderedDict([('text', 'Both Feet')])
72.1108 	EXP 	rest: autoDraw = False
72.1108 	EXP 	cue: autoDraw = False
72.1108 	EXP 	cross: autoDraw = False
72.1108 	EXP 	go: autoDraw = False
72.1108 	EXP 	rest: autoDraw = False
72.1108 	EXP 	cue: text = 'Both Feet'
72.1108 	EXP 	cross: autoDraw = True
74.1126 	EXP 	cue: autoDraw = True
74.1126 	EXP 	cross: autoDraw = False
75.6138 	EXP 	cue: autoDraw = False
75.6138 	EXP 	go: autoDraw = True
80.6015 	EXP 	go: autoDraw = False
80.6181 	EXP 	rest: autoDraw = True
84.0882 	EXP 	New trial (rep=1, index=0): OrderedDict([('text', 'Both Hands')])
84.1045 	EXP 	rest: autoDraw = False
84.1045 	EXP 	cue: autoDraw = False
84.1045 	EXP 	cross: autoDraw = False
84.1045 	EXP 	go: autoDraw = False
84.1045 	EXP 	rest: autoDraw = False
84.1045 	EXP 	cue: text = 'Both Hands'
84.1045 	EXP 	cross: autoDraw = True
86.1062 	EXP 	cue: autoDraw = True
86.1062 	EXP 	cross: autoDraw = False
87.6075 	EXP 	cue: autoDraw = False
87.6075 	EXP 	go: autoDraw = True
92.5952 	EXP 	go: autoDraw = False
92.6119 	EXP 	rest: autoDraw = True
96.0820 	EXP 	New trial (rep=1, index=1): OrderedDict([('text', 'Both Hands')])
96.0982 	EXP 	rest: autoDraw = False
96.0982 	EXP 	cue: autoDraw = False
96.0982 	EXP 	cross: autoDraw = False
96.0982 	EXP 	go: autoDraw = False
96.0982 	EXP 	rest: autoDraw = False
96.0982 	EXP 	cue: text = 'Both Hands'
96.0982 	EXP 	cross: autoDraw = True
98.1000 	EXP 	cue: autoDraw = True
98.1000 	EXP 	cross: autoDraw = False
99.6013 	EXP 	cue: autoDraw = False
99.6013 	EXP 	go: autoDraw = True
104.5889 	EXP 	go: autoDraw = False
104.6059 	EXP 	rest: autoDraw = True
108.0758 	EXP 	New trial (rep=1, index=2): OrderedDict([('text', 'Left Hand')])
108.0920 	EXP 	rest: autoDraw = False
108.0920 	EXP 	cue: autoDraw = False
108.0920 	EXP 	cross: autoDraw = False
108.0920 	EXP 	go: autoDraw = False
108.0920 	EXP 	rest: autoDraw = False
108.0920 	EXP 	cue: text = 'Left Hand'
108.0920 	EXP 	cross: autoDraw = True
110.0937 	EXP 	cue: autoDraw = True
110.0937 	EXP 	cross: autoDraw = False
111.5950 	EXP 	cue: autoDraw = False
111.5950 	EXP 	go: autoDraw = True
116.5827 	EXP 	go: autoDraw = False
116.5995 	EXP 	rest: autoDraw = True
120.0695 	EXP 	New trial (rep=1, index=3): OrderedDict([('text', 'Right Hand')])
120.0857 	EXP 	rest: autoDraw = False
120.0857 	EXP 	cue: autoDraw = False
120.0857 	EXP 	cross: autoDraw = False
120.0857 	EXP 	go: autoDraw = False
120.0857 	EXP 	rest: autoDraw = False
120.0857 	EXP 	cue: text = 'Right Hand'
120.0857 	EXP 	cross: autoDraw = True
122.0875 	EXP 	cue: autoDraw = True
122.0875 	EXP 	cross: autoDraw = False
123.5888 	EXP 	cue: autoDraw = False
123.5888 	EXP 	go: autoDraw = True
128.5765 	EXP 	go: autoDraw = False
128.5931 	EXP 	rest: autoDraw = True
132.0635 	EXP 	New trial (rep=2, index=0): OrderedDict([('text', 'Right Hand')])
132.0795 	EXP 	rest: autoDraw = False
132.0795 	EXP 	cue: autoDraw = False
132.0795 	EXP 	cross: autoDraw = False
132.0795 	EXP 	go: autoDraw = False
132.0795 	EXP 	rest: autoDraw = False
132.0795 	EXP 	cue: text = 'Right Hand'
132.0795 	EXP 	cross: autoDraw = True
134.0813 	EXP 	cue: autoDraw = True
134.0813 	EXP 	cross: autoDraw = False
135.5825 	EXP 	cue: autoDraw = False
135.5825 	EXP 	go: autoDraw = True
140.5702 	EXP 	go: autoDraw = False
140.5869 	EXP 	rest: autoDraw = True
144.0571 	EXP 	New trial (rep=2, index=1): OrderedDict([('text', 'Both Feet')])
144.0732 	EXP 	rest: autoDraw = False
144.0732 	EXP 	cue: autoDraw = False
144.0732 	EXP 	cross: autoDraw = False
144.0732 	EXP 	go: autoDraw = False
144.0732 	EXP 	rest: autoDraw = False
144.0732 	EXP 	cue: text = 'Both Feet'
144.0732 	EXP 	cross: autoDraw = True
146.0750 	EXP 	cue: autoDraw = True
146.0750 	EXP 	cross: autoDraw = False
147.5763 	EXP 	cue: autoDraw = False
147.5763 	EXP 	go: autoDraw = True
152.5639 	EXP 	go: autoDraw = False
152.5806 	EXP 	rest: autoDraw = True
156.0507 	EXP 	New trial (rep=2, index=2): OrderedDict([('text', 'Both Feet')])
156.0670 	EXP 	rest: autoDraw = False
156.0670 	EXP 	cue: autoDraw = False
156.0670 	EXP 	cross: autoDraw = False
156.0670 	EXP 	go: autoDraw = False
156.0670 	EXP 	rest: autoDraw = False
156.0670 	EXP 	cue: text = 'Both Feet'
156.0670 	EXP 	cross: autoDraw = True
158.0687 	EXP 	cue: autoDraw = True
158.0687 	EXP 	cross: autoDraw = False
159.5700 	EXP 	cue: autoDraw = False
159.5700 	EXP 	go: autoDraw = True
164.5577 	EXP 	go: autoDraw = False
164.5743 	EXP 	rest: autoDraw = True
168.0444 	EXP 	New trial (rep=2, index=3): OrderedDict([('text', 'Both Hands')])
168.0607 	EXP 	rest: autoDraw = False
168.0607 	EXP 	cue: autoDraw = False
168.0607 	EXP 	cross: autoDraw = False
168.0607 	EXP 	go: autoDraw = False
168.0607 	EXP 	rest: autoDraw = False
168.0607 	EXP 	cue: text = 'Both Hands'
168.0607 	EXP 	cross: autoDraw = True
170.0625 	EXP 	cue: autoDraw = True
170.0625 	EXP 	cross: autoDraw = False
171.5637 	EXP 	cue: autoDraw = False
171.5637 	EXP 	go: autoDraw = True
176.5514 	EXP 	go: autoDraw = False
176.5682 	EXP 	rest: autoDraw = True
180.0382 	EXP 	New trial (rep=3, index=0): OrderedDict([('text', 'Both Feet')])
180.0545 	EXP 	rest: autoDraw = False
180.0545 	EXP 	cue: autoDraw = False
180.0545 	EXP 	cross: autoDraw = False
180.0545 	EXP 	go: autoDraw = False
180.0545 	EXP 	rest: autoDraw = False
180.0545 	EXP 	cue: text = 'Both Feet'
180.0545 	EXP 	cross: autoDraw = True
182.0562 	EXP 	cue: autoDraw = True
182.0562 	EXP 	cross: autoDraw = False
183.5575 	EXP 	cue: autoDraw = False
183.5575 	EXP 	go: autoDraw = True
188.5452 	EXP 	go: autoDraw = False
188.5618 	EXP 	rest: autoDraw = True
192.0320 	EXP 	New trial (rep=3, index=1): OrderedDict([('text', 'Both Feet')])
192.0482 	EXP 	rest: autoDraw = False
192.0482 	EXP 	cue: autoDraw = False
192.0482 	EXP 	cross: autoDraw = False
192.0482 	EXP 	go: autoDraw = False
192.0482 	EXP 	rest: autoDraw = False
192.0482 	EXP 	cue: text = 'Both Feet'
192.0482 	EXP 	cross: autoDraw = True
194.0500 	EXP 	cue: autoDraw = True
194.0500 	EXP 	cross: autoDraw = False
195.5512 	EXP 	cue: autoDraw = False
195.5512 	EXP 	go: autoDraw = True
200.5390 	EXP 	go: autoDraw = False
200.5557 	EXP 	rest: autoDraw = True
204.0259 	EXP 	New trial (rep=3, index=2): OrderedDict([('text', 'Right Hand')])
204.0420 	EXP 	rest: autoDraw = False
204.0420 	EXP 	cue: autoDraw = False
204.0420 	EXP 	cross: autoDraw = False
204.0420 	EXP 	go: autoDraw = False
204.0420 	EXP 	rest: autoDraw = False
204.0420 	EXP 	cue: text = 'Right Hand'
204.0420 	EXP 	cross: autoDraw = True
206.0437 	EXP 	cue: autoDraw = True
206.0437 	EXP 	cross: autoDraw = False
207.5450 	EXP 	cue: autoDraw = False
207.5450 	EXP 	go: autoDraw = True
212.5326 	EXP 	go: autoDraw = False
212.5493 	EXP 	rest: autoDraw = True
216.0194 	EXP 	New trial (rep=3, index=3): OrderedDict([('text', 'Right Hand')])
216.0357 	EXP 	rest: autoDraw = False
216.0357 	EXP 	cue: autoDraw = False
216.0357 	EXP 	cross: autoDraw = False
216.0357 	EXP 	go: autoDraw = False
216.0357 	EXP 	rest: autoDraw = False
216.0357 	EXP 	cue: text = 'Right Hand'
216.0357 	EXP 	cross: autoDraw = True
218.0375 	EXP 	cue: autoDraw = True
218.0375 	EXP 	cross: autoDraw = False
219.5387 	EXP 	cue: autoDraw = False
219.5387 	EXP 	go: autoDraw = True
224.5264 	EXP 	go: autoDraw = False
224.5430 	EXP 	rest: autoDraw = True
228.0131 	EXP 	New trial (rep=4, index=0): OrderedDict([('text', 'Both Hands')])
228.0294 	EXP 	rest: autoDraw = False
228.0294 	EXP 	cue: autoDraw = False
228.0294 	EXP 	cross: autoDraw = False
228.0294 	EXP 	go: autoDraw = False
228.0294 	EXP 	rest: autoDraw = False
228.0294 	EXP 	cue: text = 'Both Hands'
228.0294 	EXP 	cross: autoDraw = True
230.0312 	EXP 	cue: autoDraw = True
230.0312 	EXP 	cross: autoDraw = False
231.5325 	EXP 	cue: autoDraw = False
231.5325 	EXP 	go: autoDraw = True
236.5201 	EXP 	go: autoDraw = False
236.5368 	EXP 	rest: autoDraw = True
240.0071 	EXP 	New trial (rep=4, index=1): OrderedDict([('text', 'Both Hands')])
240.0233 	EXP 	rest: autoDraw = False
240.0233 	EXP 	cue: autoDraw = False
240.0233 	EXP 	cross: autoDraw = False
240.0233 	EXP 	go: autoDraw = False
240.0233 	EXP 	rest: autoDraw = False
240.0233 	EXP 	cue: text = 'Both Hands'
240.0233 	EXP 	cross: autoDraw = True
242.0252 	EXP 	cue: autoDraw = True
242.0252 	EXP 	cross: autoDraw = False
243.5263 	EXP 	cue: autoDraw = False
243.5263 	EXP 	go: autoDraw = True
248.5141 	EXP 	go: autoDraw = False
248.5307 	EXP 	rest: autoDraw = True
252.0011 	EXP 	New trial (rep=4, index=2): OrderedDict([('text', 'Both Hands')])
252.0173 	EXP 	rest: autoDraw = False
252.0173 	EXP 	cue: autoDraw = False
252.0173 	EXP 	cross: autoDraw = False
252.0173 	EXP 	go: autoDraw = False
252.0173 	EXP 	rest: autoDraw = False
252.0173 	EXP 	cue: text = 'Both Hands'
252.0173 	EXP 	cross: autoDraw = True
254.0188 	EXP 	cue: autoDraw = True
254.0188 	EXP 	cross: autoDraw = False
255.5201 	EXP 	cue: autoDraw = False
255.5201 	EXP 	go: autoDraw = True
260.5078 	EXP 	go: autoDraw = False
260.5244 	EXP 	rest: autoDraw = True
263.9949 	EXP 	New trial (rep=4, index=3): OrderedDict([('text', 'Left Hand')])
264.0108 	EXP 	rest: autoDraw = False
264.0108 	EXP 	cue: autoDraw = False
264.0108 	EXP 	cross: autoDraw = False
264.0108 	EXP 	go: autoDraw = False
264.0108 	EXP 	rest: autoDraw = False
264.0108 	EXP 	cue: text = 'Left Hand'
264.0108 	EXP 	cross: autoDraw = True
266.0125 	EXP 	cue: autoDraw = True
266.0125 	EXP 	cross: autoDraw = False
267.5138 	EXP 	cue: autoDraw = False
267.5138 	EXP 	go: autoDraw = True
272.5016 	EXP 	go: autoDraw = False
272.5182 	EXP 	rest: autoDraw = True
275.9884 	EXP 	New trial (rep=5, index=0): OrderedDict([('text', 'Left Hand')])
276.0045 	EXP 	rest: autoDraw = False
276.0045 	EXP 	cue: autoDraw = False
276.0045 	EXP 	cross: autoDraw = False
276.0045 	EXP 	go: autoDraw = False
276.0045 	EXP 	rest: autoDraw = False
276.0045 	EXP 	cue: text = 'Left Hand'
276.0045 	EXP 	cross: autoDraw = True
278.0064 	EXP 	cue: autoDraw = True
278.0064 	EXP 	cross: autoDraw = False
279.5076 	EXP 	cue: autoDraw = False
279.5076 	EXP 	go: autoDraw = True
284.4952 	EXP 	go: autoDraw = False
284.5121 	EXP 	rest: autoDraw = True
287.9820 	EXP 	New trial (rep=5, index=1): OrderedDict([('text', 'Left Hand')])
287.9983 	EXP 	rest: autoDraw = False
287.9983 	EXP 	cue: autoDraw = False
287.9983 	EXP 	cross: autoDraw = False
287.9983 	EXP 	go: autoDraw = False
287.9983 	EXP 	rest: autoDraw = False
287.9983 	EXP 	cue: text = 'Left Hand'
287.9983 	EXP 	cross: autoDraw = True
290.0000 	EXP 	cue: autoDraw = True
290.0000 	EXP 	cross: autoDraw = False
291.5013 	EXP 	cue: autoDraw = False
291.5013 	EXP 	go: autoDraw = True
296.4889 	EXP 	go: autoDraw = False
296.5057 	EXP 	rest: autoDraw = True
299.9760 	EXP 	New trial (rep=5, index=2): OrderedDict([('text', 'Both Hands')])
299.9922 	EXP 	rest: autoDraw = False
299.9922 	EXP 	cue: autoDraw = False
299.9922 	EXP 	cross: autoDraw = False
299.9922 	EXP 	go: autoDraw = False
299.9922 	EXP 	rest: autoDraw = False
299.9922 	EXP 	cue: text = 'Both Hands'
299.9922 	EXP 	cross: autoDraw = True
301.9938 	EXP 	cue: autoDraw = True
301.9938 	EXP 	cross: autoDraw = False
303.4951 	EXP 	cue: autoDraw = False
303.4951 	EXP 	go: autoDraw = True
308.4827 	EXP 	go: autoDraw = False
308.4994 	EXP 	rest: autoDraw = True
311.9696 	EXP 	New trial (rep=5, index=3): OrderedDict([('text', 'Left Hand')])
311.9858 	EXP 	rest: autoDraw = False
311.9858 	EXP 	cue: autoDraw = False
311.9858 	EXP 	cross: autoDraw = False
311.9858 	EXP 	go: autoDraw = False
311.9858 	EXP 	rest: autoDraw = False
311.9858 	EXP 	cue: text = 'Left Hand'
311.9858 	EXP 	cross: autoDraw = True
313.9876 	EXP 	cue: autoDraw = True
313.9876 	EXP 	cross: autoDraw = False
315.4889 	EXP 	cue: autoDraw = False
315.4889 	EXP 	go: autoDraw = True
320.4765 	EXP 	go: autoDraw = False
320.4932 	EXP 	rest: autoDraw = True
323.9637 	EXP 	New trial (rep=6, index=0): OrderedDict([('text', 'Both Feet')])
323.9795 	EXP 	rest: autoDraw = False
323.9795 	EXP 	cue: autoDraw = False
323.9795 	EXP 	cross: autoDraw = False
323.9795 	EXP 	go: autoDraw = False
323.9795 	EXP 	rest: autoDraw = False
323.9795 	EXP 	cue: text = 'Both Feet'
323.9795 	EXP 	cross: autoDraw = True
325.9813 	EXP 	cue: autoDraw = True
325.9813 	EXP 	cross: autoDraw = False
327.4826 	EXP 	cue: autoDraw = False
327.4826 	EXP 	go: autoDraw = True
332.4703 	EXP 	go: autoDraw = False
332.4871 	EXP 	rest: autoDraw = True
335.9571 	EXP 	New trial (rep=6, index=1): OrderedDict([('text', 'Left Hand')])
335.9753 	EXP 	rest: autoDraw = False
335.9753 	EXP 	cue: autoDraw = False
335.9753 	EXP 	cross: autoDraw = False
335.9753 	EXP 	go: autoDraw = False
335.9753 	EXP 	rest: autoDraw = False
335.9753 	EXP 	cue: text = 'Left Hand'
335.9753 	EXP 	cross: autoDraw = True
337.9752 	EXP 	cue: autoDraw = True
337.9752 	EXP 	cross: autoDraw = False
339.4762 	EXP 	cue: autoDraw = False
339.4762 	EXP 	go: autoDraw = True
344.4639 	EXP 	go: autoDraw = False
344.4807 	EXP 	rest: autoDraw = True
347.9510 	EXP 	New trial (rep=6, index=2): OrderedDict([('text', 'Left Hand')])
347.9671 	EXP 	rest: autoDraw = False
347.9671 	EXP 	cue: autoDraw = False
347.9671 	EXP 	cross: autoDraw = False
347.9671 	EXP 	go: autoDraw = False
347.9671 	EXP 	rest: autoDraw = False
347.9671 	EXP 	cue: text = 'Left Hand'
347.9671 	EXP 	cross: autoDraw = True
349.9688 	EXP 	cue: autoDraw = True
349.9688 	EXP 	cross: autoDraw = False
351.4701 	EXP 	cue: autoDraw = False
351.4701 	EXP 	go: autoDraw = True
356.4579 	EXP 	go: autoDraw = False
356.4745 	EXP 	rest: autoDraw = True
359.9446 	EXP 	New trial (rep=6, index=3): OrderedDict([('text', 'Right Hand')])
359.9607 	EXP 	rest: autoDraw = False
359.9607 	EXP 	cue: autoDraw = False
359.9607 	EXP 	cross: autoDraw = False
359.9607 	EXP 	go: autoDraw = False
359.9607 	EXP 	rest: autoDraw = False
359.9607 	EXP 	cue: text = 'Right Hand'
359.9607 	EXP 	cross: autoDraw = True
361.9625 	EXP 	cue: autoDraw = True
361.9625 	EXP 	cross: autoDraw = False
363.4638 	EXP 	cue: autoDraw = False
363.4638 	EXP 	go: autoDraw = True
368.4518 	EXP 	go: autoDraw = False
368.4681 	EXP 	rest: autoDraw = True
371.9383 	EXP 	New trial (rep=7, index=0): OrderedDict([('text', 'Left Hand')])
371.9545 	EXP 	rest: autoDraw = False
371.9545 	EXP 	cue: autoDraw = False
371.9545 	EXP 	cross: autoDraw = False
371.9545 	EXP 	go: autoDraw = False
371.9545 	EXP 	rest: autoDraw = False
371.9545 	EXP 	cue: text = 'Left Hand'
371.9545 	EXP 	cross: autoDraw = True
373.9562 	EXP 	cue: autoDraw = True
373.9562 	EXP 	cross: autoDraw = False
375.4576 	EXP 	cue: autoDraw = False
375.4576 	EXP 	go: autoDraw = True
380.4453 	EXP 	go: autoDraw = False
380.4621 	EXP 	rest: autoDraw = True
383.9322 	EXP 	New trial (rep=7, index=1): OrderedDict([('text', 'Right Hand')])
383.9484 	EXP 	rest: autoDraw = False
383.9484 	EXP 	cue: autoDraw = False
383.9484 	EXP 	cross: autoDraw = False
383.9484 	EXP 	go: autoDraw = False
383.9484 	EXP 	rest: autoDraw = False
383.9484 	EXP 	cue: text = 'Right Hand'
383.9484 	EXP 	cross: autoDraw = True
385.9500 	EXP 	cue: autoDraw = True
385.9500 	EXP 	cross: autoDraw = False
387.4513 	EXP 	cue: autoDraw = False
387.4513 	EXP 	go: autoDraw = True
392.4392 	EXP 	go: autoDraw = False
392.4557 	EXP 	rest: autoDraw = True
395.9257 	EXP 	New trial (rep=7, index=2): OrderedDict([('text', 'Left Hand')])
395.9420 	EXP 	rest: autoDraw = False
395.9420 	EXP 	cue: autoDraw = False
395.9420 	EXP 	cross: autoDraw = False
395.9420 	EXP 	go: autoDraw = False
395.9420 	EXP 	rest: autoDraw = False
395.9420 	EXP 	cue: text = 'Left Hand'
395.9420 	EXP 	cross: autoDraw = True
397.9437 	EXP 	cue: autoDraw = True
397.9437 	EXP 	cross: autoDraw = False
399.4451 	EXP 	cue: autoDraw = False
399.4451 	EXP 	go: autoDraw = True
404.4327 	EXP 	go: autoDraw = False
404.4495 	EXP 	rest: autoDraw = True
407.9196 	EXP 	New trial (rep=7, index=3): OrderedDict([('text', 'Both Feet')])
407.9359 	EXP 	rest: autoDraw = False
407.9359 	EXP 	cue: autoDraw = False
407.9359 	EXP 	cross: autoDraw = False
407.9359 	EXP 	go: autoDraw = False
407.9359 	EXP 	rest: autoDraw = False
407.9359 	EXP 	cue: text = 'Both Feet'
407.9359 	EXP 	cross: autoDraw = True
409.9375 	EXP 	cue: autoDraw = True
409.9375 	EXP 	cross: autoDraw = False
411.4394 	EXP 	cue: autoDraw = False
411.4394 	EXP 	go: autoDraw = True
416.4265 	EXP 	go: autoDraw = False
416.4432 	EXP 	rest: autoDraw = True
419.9132 	EXP 	New trial (rep=8, index=0): OrderedDict([('text', 'Left Hand')])
419.9294 	EXP 	rest: autoDraw = False
419.9294 	EXP 	cue: autoDraw = False
419.9294 	EXP 	cross: autoDraw = False
419.9294 	EXP 	go: autoDraw = False
419.9294 	EXP 	rest: autoDraw = False
419.9294 	EXP 	cue: text = 'Left Hand'
419.9294 	EXP 	cross: autoDraw = True
421.9312 	EXP 	cue: autoDraw = True
421.9312 	EXP 	cross: autoDraw = False
423.4325 	EXP 	cue: autoDraw = False
423.4325 	EXP 	go: autoDraw = True
428.4202 	EXP 	go: autoDraw = False
428.4368 	EXP 	rest: autoDraw = True
431.9072 	EXP 	New trial (rep=8, index=1): OrderedDict([('text', 'Right Hand')])
431.9233 	EXP 	rest: autoDraw = False
431.9233 	EXP 	cue: autoDraw = False
431.9233 	EXP 	cross: autoDraw = False
431.9233 	EXP 	go: autoDraw = False
431.9233 	EXP 	rest: autoDraw = False
431.9233 	EXP 	cue: text = 'Right Hand'
431.9233 	EXP 	cross: autoDraw = True
433.9250 	EXP 	cue: autoDraw = True
433.9250 	EXP 	cross: autoDraw = False
435.4264 	EXP 	cue: autoDraw = False
435.4264 	EXP 	go: autoDraw = True
440.4139 	EXP 	go: autoDraw = False
440.4306 	EXP 	rest: autoDraw = True
443.9007 	EXP 	New trial (rep=8, index=2): OrderedDict([('text', 'Both Hands')])
443.9170 	EXP 	rest: autoDraw = False
443.9170 	EXP 	cue: autoDraw = False
443.9170 	EXP 	cross: autoDraw = False
443.9170 	EXP 	go: autoDraw = False
443.9170 	EXP 	rest: autoDraw = False
443.9170 	EXP 	cue: text = 'Both Hands'
443.9170 	EXP 	cross: autoDraw = True
445.9187 	EXP 	cue: autoDraw = True
445.9187 	EXP 	cross: autoDraw = False
447.4200 	EXP 	cue: autoDraw = False
447.4200 	EXP 	go: autoDraw = True
452.4077 	EXP 	go: autoDraw = False
452.4243 	EXP 	rest: autoDraw = True
455.8944 	EXP 	New trial (rep=8, index=3): OrderedDict([('text', 'Right Hand')])
455.9106 	EXP 	rest: autoDraw = False
455.9106 	EXP 	cue: autoDraw = False
455.9106 	EXP 	cross: autoDraw = False
455.9106 	EXP 	go: autoDraw = False
455.9106 	EXP 	rest: autoDraw = False
455.9106 	EXP 	cue: text = 'Right Hand'
455.9106 	EXP 	cross: autoDraw = True
457.9125 	EXP 	cue: autoDraw = True
457.9125 	EXP 	cross: autoDraw = False
459.4137 	EXP 	cue: autoDraw = False
459.4137 	EXP 	go: autoDraw = True
464.4014 	EXP 	go: autoDraw = False
464.4180 	EXP 	rest: autoDraw = True
467.8881 	EXP 	New trial (rep=9, index=0): OrderedDict([('text', 'Both Feet')])
467.9044 	EXP 	rest: autoDraw = False
467.9044 	EXP 	cue: autoDraw = False
467.9044 	EXP 	cross: autoDraw = False
467.9044 	EXP 	go: autoDraw = False
467.9044 	EXP 	rest: autoDraw = False
467.9044 	EXP 	cue: text = 'Both Feet'
467.9044 	EXP 	cross: autoDraw = True
469.9063 	EXP 	cue: autoDraw = True
469.9063 	EXP 	cross: autoDraw = False
471.4075 	EXP 	cue: autoDraw = False
471.4075 	EXP 	go: autoDraw = True
476.3953 	EXP 	go: autoDraw = False
476.4118 	EXP 	rest: autoDraw = True
479.8819 	EXP 	New trial (rep=9, index=1): OrderedDict([('text', 'Right Hand')])
479.8982 	EXP 	rest: autoDraw = False
479.8982 	EXP 	cue: autoDraw = False
479.8982 	EXP 	cross: autoDraw = False
479.8982 	EXP 	go: autoDraw = False
479.8982 	EXP 	rest: autoDraw = False
479.8982 	EXP 	cue: text = 'Right Hand'
479.8982 	EXP 	cross: autoDraw = True
481.9000 	EXP 	cue: autoDraw = True
481.9000 	EXP 	cross: autoDraw = False
483.4012 	EXP 	cue: autoDraw = False
483.4012 	EXP 	go: autoDraw = True
488.3889 	EXP 	go: autoDraw = False
488.4056 	EXP 	rest: autoDraw = True
491.8757 	EXP 	New trial (rep=9, index=2): OrderedDict([('text', 'Both Feet')])
491.8919 	EXP 	rest: autoDraw = False
491.8919 	EXP 	cue: autoDraw = False
491.8919 	EXP 	cross: autoDraw = False
491.8919 	EXP 	go: autoDraw = False
491.8919 	EXP 	rest: autoDraw = False
491.8919 	EXP 	cue: text = 'Both Feet'
491.8919 	EXP 	cross: autoDraw = True
493.8936 	EXP 	cue: autoDraw = True
493.8936 	EXP 	cross: autoDraw = False
495.3950 	EXP 	cue: autoDraw = False
495.3950 	EXP 	go: autoDraw = True
500.3826 	EXP 	go: autoDraw = False
500.3993 	EXP 	rest: autoDraw = True
503.8694 	EXP 	New trial (rep=9, index=3): OrderedDict([('text', 'Both Hands')])
503.8856 	EXP 	rest: autoDraw = False
503.8856 	EXP 	cue: autoDraw = False
503.8856 	EXP 	cross: autoDraw = False
503.8856 	EXP 	go: autoDraw = False
503.8856 	EXP 	rest: autoDraw = False
503.8856 	EXP 	cue: text = 'Both Hands'
503.8856 	EXP 	cross: autoDraw = True
505.8874 	EXP 	cue: autoDraw = True
505.8874 	EXP 	cross: autoDraw = False
507.3888 	EXP 	cue: autoDraw = False
507.3888 	EXP 	go: autoDraw = True
512.3763 	EXP 	go: autoDraw = False
512.3930 	EXP 	rest: autoDraw = True
515.8794 	EXP 	rest: autoDraw = False
515.8794 	EXP 	cue: autoDraw = False
515.8794 	EXP 	cross: autoDraw = False
515.8794 	EXP 	go: autoDraw = False
515.8794 	EXP 	rest: autoDraw = False
515.8794 	EXP 	text_2: autoDraw = True
545.8558 	EXP 	New trial (rep=1, index=0): None
545.8590 	EXP 	Imported trialTypes.csv as conditions, 4 conditions, 1 params
545.8592 	EXP 	Created sequence: fullRandom, trialTypes=4, nReps=10, seed=None
545.8593 	EXP 	New trial (rep=0, index=0): OrderedDict([('text', 'Both Hands')])
545.8721 	EXP 	text_2: autoDraw = False
545.8721 	EXP 	text_2: autoDraw = False
545.8721 	EXP 	cue: text = 'Both Hands'
545.8721 	EXP 	cross: autoDraw = True
547.8738 	EXP 	cross: autoDraw = False
547.8905 	EXP 	cue: autoDraw = True
549.3751 	EXP 	cue: autoDraw = False
549.3918 	EXP 	go: autoDraw = True
554.3795 	EXP 	go: autoDraw = False
554.3795 	EXP 	rest: autoDraw = True
557.8512 	EXP 	New trial (rep=0, index=1): OrderedDict([('text', 'Right Hand')])
557.8658 	EXP 	rest: autoDraw = False
557.8658 	EXP 	cue: autoDraw = False
557.8658 	EXP 	cross: autoDraw = False
557.8658 	EXP 	go: autoDraw = False
557.8658 	EXP 	rest: autoDraw = False
557.8658 	EXP 	cue: text = 'Right Hand'
557.8658 	EXP 	cross: autoDraw = True
559.8676 	EXP 	cross: autoDraw = False
559.8843 	EXP 	cue: autoDraw = True
561.3689 	EXP 	cue: autoDraw = False
561.3689 	EXP 	go: autoDraw = True
566.3566 	EXP 	go: autoDraw = False
566.3734 	EXP 	rest: autoDraw = True
569.8439 	EXP 	New trial (rep=0, index=2): OrderedDict([('text', 'Both Hands')])
569.8596 	EXP 	rest: autoDraw = False
569.8596 	EXP 	cue: autoDraw = False
569.8596 	EXP 	cross: autoDraw = False
569.8596 	EXP 	go: autoDraw = False
569.8596 	EXP 	rest: autoDraw = False
569.8596 	EXP 	cue: text = 'Both Hands'
569.8596 	EXP 	cross: autoDraw = True
571.8615 	EXP 	cue: autoDraw = True
571.8615 	EXP 	cross: autoDraw = False
573.3626 	EXP 	cue: autoDraw = False
573.3626 	EXP 	go: autoDraw = True
578.3503 	EXP 	go: autoDraw = False
578.3669 	EXP 	rest: autoDraw = True
581.8372 	EXP 	New trial (rep=0, index=3): OrderedDict([('text', 'Left Hand')])
581.8534 	EXP 	rest: autoDraw = False
581.8534 	EXP 	cue: autoDraw = False
581.8534 	EXP 	cross: autoDraw = False
581.8534 	EXP 	go: autoDraw = False
581.8534 	EXP 	rest: autoDraw = False
581.8534 	EXP 	cue: text = 'Left Hand'
581.8534 	EXP 	cross: autoDraw = True
583.8551 	EXP 	cue: autoDraw = True
583.8551 	EXP 	cross: autoDraw = False
585.3564 	EXP 	cue: autoDraw = False
585.3564 	EXP 	go: autoDraw = True
590.3440 	EXP 	go: autoDraw = False
590.3607 	EXP 	rest: autoDraw = True
593.8308 	EXP 	New trial (rep=1, index=0): OrderedDict([('text', 'Both Hands')])
593.8471 	EXP 	rest: autoDraw = False
593.8471 	EXP 	cue: autoDraw = False
593.8471 	EXP 	cross: autoDraw = False
593.8471 	EXP 	go: autoDraw = False
593.8471 	EXP 	rest: autoDraw = False
593.8471 	EXP 	cue: text = 'Both Hands'
593.8471 	EXP 	cross: autoDraw = True
595.8488 	EXP 	cue: autoDraw = True
595.8488 	EXP 	cross: autoDraw = False
597.3501 	EXP 	cue: autoDraw = False
597.3501 	EXP 	go: autoDraw = True
602.3377 	EXP 	go: autoDraw = False
602.3544 	EXP 	rest: autoDraw = True
605.8245 	EXP 	New trial (rep=1, index=1): OrderedDict([('text', 'Both Hands')])
605.8408 	EXP 	rest: autoDraw = False
605.8408 	EXP 	cue: autoDraw = False
605.8408 	EXP 	cross: autoDraw = False
605.8408 	EXP 	go: autoDraw = False
605.8408 	EXP 	rest: autoDraw = False
605.8408 	EXP 	cue: text = 'Both Hands'
605.8408 	EXP 	cross: autoDraw = True
607.8426 	EXP 	cue: autoDraw = True
607.8426 	EXP 	cross: autoDraw = False
609.3440 	EXP 	cue: autoDraw = False
609.3440 	EXP 	go: autoDraw = True
611.4137 	DATA 	Mouse: Left button down, pos=(535,596)
611.4890 	DATA 	Mouse:  Left button up, pos=(535,596)
612.4800 	DATA 	Keypress: escape
612.5377 	EXP 	window1: mouseVisible = True
